{"9ce9f79a501a07b7dff9aa6372052098":{"statistic":{"failed":0,"broken":1,"skipped":0,"passed":0,"unknown":0,"total":1},"items":[{"uid":"6be0ebdb677c9f62","status":"broken","statusDetails":"selenium.common.exceptions.WebDriverException: Message: unknown error: JavaScript code failed\nfrom unknown command: 'Runtime.evaluate' wasn't found\n  (Session info: chrome=133.0.6943.54)\nStacktrace:\n\tGetHandleVerifier [0x00007FF6F40A6EE5+28773]\n\t(No symbol) [0x00007FF6F40125D0]\n\t(No symbol) [0x00007FF6F3EA8FAA]\n\t(No symbol) [0x00007FF6F3E957B8]\n\t(No symbol) [0x00007FF6F3E93F62]\n\t(No symbol) [0x00007FF6F3E947AF]\n\t(No symbol) [0x00007FF6F3EBF9CB]\n\t(No symbol) [0x00007FF6F3EB3210]\n\t(No symbol) [0x00007FF6F3EB30B9]\n\t(No symbol) [0x00007FF6F3E84A72]\n\t(No symbol) [0x00007FF6F3E82A03]\n\t(No symbol) [0x00007FF6F3F67A81]\n\t(No symbol) [0x00007FF6F3F2724A]\n\t(No symbol) [0x00007FF6F3F4F6F3]\n\t(No symbol) [0x00007FF6F3F27023]\n\t(No symbol) [0x00007FF6F3EEFF5E]\n\t(No symbol) [0x00007FF6F3EF11E3]\n\tGetHandleVerifier [0x00007FF6F43F422D+3490733]\n\tGetHandleVerifier [0x00007FF6F440BA13+3586963]\n\tGetHandleVerifier [0x00007FF6F440144D+3544525]\n\tGetHandleVerifier [0x00007FF6F416C9AA+838442]\n\t(No symbol) [0x00007FF6F401D01F]\n\t(No symbol) [0x00007FF6F40195E4]\n\t(No symbol) [0x00007FF6F4019786]\n\t(No symbol) [0x00007FF6F4008CB9]\n\tBaseThreadInitThunk [0x00007FFD06A97614+20]\n\tRtlUserThreadStart [0x00007FFD071026A1+33]","time":{"start":1739941236921,"stop":1739941236921,"duration":0}}]},"c37f62480a8c23c1deb6618028f9eed6":{"statistic":{"failed":1,"broken":0,"skipped":0,"passed":0,"unknown":0,"total":1},"items":[{"uid":"83aff6817292c101","status":"failed","statusDetails":"AssertionError: assert False","time":{"start":1739941241368,"stop":1739941244984,"duration":3616}}]}}