{"uid":"6be0ebdb677c9f62","name":"test_homePageTitle","fullName":"testCases.test_login.Test_001_Login#test_homePageTitle","historyId":"9ce9f79a501a07b7dff9aa6372052098","time":{"start":1739941236921,"stop":1739941236921,"duration":0},"description":"Test case for home page title.","descriptionHtml":"<p>Test case for home page title.</p>\n","status":"broken","statusMessage":"selenium.common.exceptions.WebDriverException: Message: unknown error: JavaScript code failed\nfrom unknown command: 'Runtime.evaluate' wasn't found\n  (Session info: chrome=133.0.6943.54)\nStacktrace:\n\tGetHandleVerifier [0x00007FF6F40A6EE5+28773]\n\t(No symbol) [0x00007FF6F40125D0]\n\t(No symbol) [0x00007FF6F3EA8FAA]\n\t(No symbol) [0x00007FF6F3E957B8]\n\t(No symbol) [0x00007FF6F3E93F62]\n\t(No symbol) [0x00007FF6F3E947AF]\n\t(No symbol) [0x00007FF6F3EBF9CB]\n\t(No symbol) [0x00007FF6F3EB3210]\n\t(No symbol) [0x00007FF6F3EB30B9]\n\t(No symbol) [0x00007FF6F3E84A72]\n\t(No symbol) [0x00007FF6F3E82A03]\n\t(No symbol) [0x00007FF6F3F67A81]\n\t(No symbol) [0x00007FF6F3F2724A]\n\t(No symbol) [0x00007FF6F3F4F6F3]\n\t(No symbol) [0x00007FF6F3F27023]\n\t(No symbol) [0x00007FF6F3EEFF5E]\n\t(No symbol) [0x00007FF6F3EF11E3]\n\tGetHandleVerifier [0x00007FF6F43F422D+3490733]\n\tGetHandleVerifier [0x00007FF6F440BA13+3586963]\n\tGetHandleVerifier [0x00007FF6F440144D+3544525]\n\tGetHandleVerifier [0x00007FF6F416C9AA+838442]\n\t(No symbol) [0x00007FF6F401D01F]\n\t(No symbol) [0x00007FF6F40195E4]\n\t(No symbol) [0x00007FF6F4019786]\n\t(No symbol) [0x00007FF6F4008CB9]\n\tBaseThreadInitThunk [0x00007FFD06A97614+20]\n\tRtlUserThreadStart [0x00007FFD071026A1+33]","statusTrace":"self = <testCases.test_login.Test_001_Login object at 0x0000029DBF020DA0>\n\n    @pytest.fixture(autouse=True)\n    def setup_and_teardown(self):\n        \"\"\"Fixture to initialize and quit the WebDriver before and after each test.\"\"\"\n>       self.init_driver()\n\ntestCases\\baseTest.py:10: \n_ _ _ _ _ _ _ _ _ _ _ _ _ _ _ _ _ _ _ _ _ _ _ _ _ _ _ _ _ _ _ _ _ _ _ _ _ _ _ _ _ _ _ _ _ _ _ _ _ _ _ _ _ _ _ _ _ _ _ _ _ _ _ _ _ _ _ _ _ _ _ _ _ _ _ _ _\ntestCases\\baseTest.py:18: in init_driver\n    cls.driver.maximize_window()\n.venv\\Lib\\site-packages\\selenium\\webdriver\\remote\\webdriver.py:622: in maximize_window\n    self.execute(command, None)\n.venv\\Lib\\site-packages\\selenium\\webdriver\\remote\\webdriver.py:429: in execute\n    self.error_handler.check_response(response)\n_ _ _ _ _ _ _ _ _ _ _ _ _ _ _ _ _ _ _ _ _ _ _ _ _ _ _ _ _ _ _ _ _ _ _ _ _ _ _ _ _ _ _ _ _ _ _ _ _ _ _ _ _ _ _ _ _ _ _ _ _ _ _ _ _ _ _ _ _ _ _ _ _ _ _ _ _\n\nself = <selenium.webdriver.remote.errorhandler.ErrorHandler object at 0x0000029DBEFFDE80>\nresponse = {'status': 500, 'value': '{\"value\":{\"error\":\"unknown error\",\"message\":\"unknown error: JavaScript code failed\\\\nfrom un...07FF6F4008CB9]\\\\n\\\\tBaseThreadInitThunk [0x00007FFD06A97614+20]\\\\n\\\\tRtlUserThreadStart [0x00007FFD071026A1+33]\\\\n\"}}'}\n\n    def check_response(self, response: Dict[str, Any]) -> None:\n        \"\"\"Checks that a JSON response from the WebDriver does not have an\n        error.\n    \n        :Args:\n         - response - The JSON response from the WebDriver server as a dictionary\n           object.\n    \n        :Raises: If the response contains an error message.\n        \"\"\"\n        status = response.get(\"status\", None)\n        if not status or status == ErrorCode.SUCCESS:\n            return\n        value = None\n        message = response.get(\"message\", \"\")\n        screen: str = response.get(\"screen\", \"\")\n        stacktrace = None\n        if isinstance(status, int):\n            value_json = response.get(\"value\", None)\n            if value_json and isinstance(value_json, str):\n                import json\n    \n                try:\n                    value = json.loads(value_json)\n                    if len(value) == 1:\n                        value = value[\"value\"]\n                    status = value.get(\"error\", None)\n                    if not status:\n                        status = value.get(\"status\", ErrorCode.UNKNOWN_ERROR)\n                        message = value.get(\"value\") or value.get(\"message\")\n                        if not isinstance(message, str):\n                            value = message\n                            message = message.get(\"message\")\n                    else:\n                        message = value.get(\"message\", None)\n                except ValueError:\n                    pass\n    \n        exception_class: Type[WebDriverException]\n        e = ErrorCode()\n        error_codes = [item for item in dir(e) if not item.startswith(\"__\")]\n        for error_code in error_codes:\n            error_info = getattr(ErrorCode, error_code)\n            if isinstance(error_info, list) and status in error_info:\n                exception_class = getattr(ExceptionMapping, error_code, WebDriverException)\n                break\n        else:\n            exception_class = WebDriverException\n    \n        if not value:\n            value = response[\"value\"]\n        if isinstance(value, str):\n            raise exception_class(value)\n        if message == \"\" and \"message\" in value:\n            message = value[\"message\"]\n    \n        screen = None  # type: ignore[assignment]\n        if \"screen\" in value:\n            screen = value[\"screen\"]\n    \n        stacktrace = None\n        st_value = value.get(\"stackTrace\") or value.get(\"stacktrace\")\n        if st_value:\n            if isinstance(st_value, str):\n                stacktrace = st_value.split(\"\\n\")\n            else:\n                stacktrace = []\n                try:\n                    for frame in st_value:\n                        line = frame.get(\"lineNumber\", \"\")\n                        file = frame.get(\"fileName\", \"<anonymous>\")\n                        if line:\n                            file = f\"{file}:{line}\"\n                        meth = frame.get(\"methodName\", \"<anonymous>\")\n                        if \"className\" in frame:\n                            meth = f\"{frame['className']}.{meth}\"\n                        msg = \"    at %s (%s)\"\n                        msg = msg % (meth, file)\n                        stacktrace.append(msg)\n                except TypeError:\n                    pass\n        if exception_class == UnexpectedAlertPresentException:\n            alert_text = None\n            if \"data\" in value:\n                alert_text = value[\"data\"].get(\"text\")\n            elif \"alert\" in value:\n                alert_text = value[\"alert\"].get(\"text\")\n            raise exception_class(message, screen, stacktrace, alert_text)  # type: ignore[call-arg]  # mypy is not smart enough here\n>       raise exception_class(message, screen, stacktrace)\nE       selenium.common.exceptions.WebDriverException: Message: unknown error: JavaScript code failed\nE       from unknown command: 'Runtime.evaluate' wasn't found\nE         (Session info: chrome=133.0.6943.54)\nE       Stacktrace:\nE       \tGetHandleVerifier [0x00007FF6F40A6EE5+28773]\nE       \t(No symbol) [0x00007FF6F40125D0]\nE       \t(No symbol) [0x00007FF6F3EA8FAA]\nE       \t(No symbol) [0x00007FF6F3E957B8]\nE       \t(No symbol) [0x00007FF6F3E93F62]\nE       \t(No symbol) [0x00007FF6F3E947AF]\nE       \t(No symbol) [0x00007FF6F3EBF9CB]\nE       \t(No symbol) [0x00007FF6F3EB3210]\nE       \t(No symbol) [0x00007FF6F3EB30B9]\nE       \t(No symbol) [0x00007FF6F3E84A72]\nE       \t(No symbol) [0x00007FF6F3E82A03]\nE       \t(No symbol) [0x00007FF6F3F67A81]\nE       \t(No symbol) [0x00007FF6F3F2724A]\nE       \t(No symbol) [0x00007FF6F3F4F6F3]\nE       \t(No symbol) [0x00007FF6F3F27023]\nE       \t(No symbol) [0x00007FF6F3EEFF5E]\nE       \t(No symbol) [0x00007FF6F3EF11E3]\nE       \tGetHandleVerifier [0x00007FF6F43F422D+3490733]\nE       \tGetHandleVerifier [0x00007FF6F440BA13+3586963]\nE       \tGetHandleVerifier [0x00007FF6F440144D+3544525]\nE       \tGetHandleVerifier [0x00007FF6F416C9AA+838442]\nE       \t(No symbol) [0x00007FF6F401D01F]\nE       \t(No symbol) [0x00007FF6F40195E4]\nE       \t(No symbol) [0x00007FF6F4019786]\nE       \t(No symbol) [0x00007FF6F4008CB9]\nE       \tBaseThreadInitThunk [0x00007FFD06A97614+20]\nE       \tRtlUserThreadStart [0x00007FFD071026A1+33]\n\n.venv\\Lib\\site-packages\\selenium\\webdriver\\remote\\errorhandler.py:232: WebDriverException","flaky":false,"newFailed":false,"newBroken":false,"newPassed":false,"retriesCount":1,"retriesStatusChange":true,"beforeStages":[{"name":"setup_and_teardown","time":{"start":1739941236923,"stop":1739941239173,"duration":2250},"status":"broken","statusMessage":"selenium.common.exceptions.WebDriverException: Message: unknown error: JavaScript code failed\nfrom unknown command: 'Runtime.evaluate' wasn't found\n  (Session info: chrome=133.0.6943.54)\nStacktrace:\n\tGetHandleVerifier [0x00007FF6F40A6EE5+28773]\n\t(No symbol) [0x00007FF6F40125D0]\n\t(No symbol) [0x00007FF6F3EA8FAA]\n\t(No symbol) [0x00007FF6F3E957B8]\n\t(No symbol) [0x00007FF6F3E93F62]\n\t(No symbol) [0x00007FF6F3E947AF]\n\t(No symbol) [0x00007FF6F3EBF9CB]\n\t(No symbol) [0x00007FF6F3EB3210]\n\t(No symbol) [0x00007FF6F3EB30B9]\n\t(No symbol) [0x00007FF6F3E84A72]\n\t(No symbol) [0x00007FF6F3E82A03]\n\t(No symbol) [0x00007FF6F3F67A81]\n\t(No symbol) [0x00007FF6F3F2724A]\n\t(No symbol) [0x00007FF6F3F4F6F3]\n\t(No symbol) [0x00007FF6F3F27023]\n\t(No symbol) [0x00007FF6F3EEFF5E]\n\t(No symbol) [0x00007FF6F3EF11E3]\n\tGetHandleVerifier [0x00007FF6F43F422D+3490733]\n\tGetHandleVerifier [0x00007FF6F440BA13+3586963]\n\tGetHandleVerifier [0x00007FF6F440144D+3544525]\n\tGetHandleVerifier [0x00007FF6F416C9AA+838442]\n\t(No symbol) [0x00007FF6F401D01F]\n\t(No symbol) [0x00007FF6F40195E4]\n\t(No symbol) [0x00007FF6F4019786]\n\t(No symbol) [0x00007FF6F4008CB9]\n\tBaseThreadInitThunk [0x00007FFD06A97614+20]\n\tRtlUserThreadStart [0x00007FFD071026A1+33]\n\n","statusTrace":"  File \"C:\\Users\\pavan.karri\\PycharmProjects\\TestUI\\.venv\\Lib\\site-packages\\pluggy\\_callers.py\", line 167, in _multicall\n    teardown.throw(outcome._exception)\n  File \"C:\\Users\\pavan.karri\\PycharmProjects\\TestUI\\.venv\\Lib\\site-packages\\_pytest\\setuponly.py\", line 36, in pytest_fixture_setup\n    return (yield)\n            ^^^^^\n  File \"C:\\Users\\pavan.karri\\PycharmProjects\\TestUI\\.venv\\Lib\\site-packages\\pluggy\\_callers.py\", line 103, in _multicall\n    res = hook_impl.function(*args)\n          ^^^^^^^^^^^^^^^^^^^^^^^^^\n  File \"C:\\Users\\pavan.karri\\PycharmProjects\\TestUI\\.venv\\Lib\\site-packages\\_pytest\\fixtures.py\", line 1140, in pytest_fixture_setup\n    result = call_fixture_func(fixturefunc, request, kwargs)\n             ^^^^^^^^^^^^^^^^^^^^^^^^^^^^^^^^^^^^^^^^^^^^^^^\n  File \"C:\\Users\\pavan.karri\\PycharmProjects\\TestUI\\.venv\\Lib\\site-packages\\_pytest\\fixtures.py\", line 891, in call_fixture_func\n    fixture_result = next(generator)\n                     ^^^^^^^^^^^^^^^\n  File \"C:\\Users\\pavan.karri\\PycharmProjects\\TestUI\\testCases\\baseTest.py\", line 10, in setup_and_teardown\n    self.init_driver()\n  File \"C:\\Users\\pavan.karri\\PycharmProjects\\TestUI\\testCases\\baseTest.py\", line 18, in init_driver\n    cls.driver.maximize_window()\n  File \"C:\\Users\\pavan.karri\\PycharmProjects\\TestUI\\.venv\\Lib\\site-packages\\selenium\\webdriver\\remote\\webdriver.py\", line 622, in maximize_window\n    self.execute(command, None)\n  File \"C:\\Users\\pavan.karri\\PycharmProjects\\TestUI\\.venv\\Lib\\site-packages\\selenium\\webdriver\\remote\\webdriver.py\", line 429, in execute\n    self.error_handler.check_response(response)\n  File \"C:\\Users\\pavan.karri\\PycharmProjects\\TestUI\\.venv\\Lib\\site-packages\\selenium\\webdriver\\remote\\errorhandler.py\", line 232, in check_response\n    raise exception_class(message, screen, stacktrace)\n","steps":[],"attachments":[],"parameters":[],"shouldDisplayMessage":true,"attachmentsCount":0,"hasContent":true,"stepsCount":0,"attachmentStep":false}],"afterStages":[],"labels":[{"name":"tag","value":"regression"},{"name":"parentSuite","value":"testCases"},{"name":"suite","value":"test_login"},{"name":"subSuite","value":"Test_001_Login"},{"name":"host","value":"Pavan-Karri"},{"name":"thread","value":"28080-MainThread"},{"name":"framework","value":"pytest"},{"name":"language","value":"cpython3"},{"name":"package","value":"testCases.test_login"},{"name":"resultFormat","value":"allure2"}],"parameters":[],"links":[],"hidden":false,"retry":false,"extra":{"severity":"normal","retries":[{"uid":"fcd8187cf364bf3c","status":"passed","time":{"start":1739941090131,"stop":1739941092130,"duration":1999}}],"categories":[{"name":"Test defects","matchedStatuses":[],"flaky":false}],"tags":["regression"]},"source":"6be0ebdb677c9f62.json","parameterValues":[]}